Processing 17 files
Start Processing: com/windanesz/ancientspellcraft/AncientSpellcraft.java
Import: com.windanesz.ancientspellcraft.proxy.IProxy
Import: net.minecraftforge.fml.common.Mod
Import: net.minecraftforge.fml.common.Mod.EventHandler
Import: net.minecraftforge.fml.common.SidedProxy
Import: net.minecraftforge.fml.common.event.FMLInitializationEvent
Import: net.minecraftforge.fml.common.event.FMLPostInitializationEvent
Import: net.minecraftforge.fml.common.event.FMLPreInitializationEvent
Import: org.apache.logging.log4j.LogManager
Import: org.apache.logging.log4j.Logger
End  Processing: com/windanesz/ancientspellcraft/AncientSpellcraft.java

Start Processing: com/windanesz/ancientspellcraft/block/NetherFire.java
Rename method net/minecraft/block/properties/PropertyInteger/create (Ljava/lang/String;II)Lnet/minecraft/block/properties/PropertyInteger;[1351,1357]::create->func_177719_a
Rename method net/minecraft/block/properties/PropertyBool/create (Ljava/lang/String;)Lnet/minecraft/block/properties/PropertyBool;[1436,1442]::create->func_177716_a
Rename method net/minecraft/block/properties/PropertyBool/create (Ljava/lang/String;)Lnet/minecraft/block/properties/PropertyBool;[1515,1521]::create->func_177716_a
Rename method net/minecraft/block/properties/PropertyBool/create (Ljava/lang/String;)Lnet/minecraft/block/properties/PropertyBool;[1594,1600]::create->func_177716_a
Rename method net/minecraft/block/properties/PropertyBool/create (Ljava/lang/String;)Lnet/minecraft/block/properties/PropertyBool;[1673,1679]::create->func_177716_a
Rename method net/minecraft/block/properties/PropertyBool/create (Ljava/lang/String;)Lnet/minecraft/block/properties/PropertyBool;[1752,1758]::create->func_177716_a
FOUND CONSTR method com/windanesz/ancientspellcraft/block/NetherFire/NetherFire ()V com/windanesz/ancientspellcraft/block/NetherFire
Rename field net/minecraft/block/material/Material/FIRE[1817,1821]::FIRE->field_151581_o
Rename method net/minecraft/block/Block/setDefaultState (Lnet/minecraft/block/state/IBlockState;)V[1842,1857]::setDefaultState->func_180632_j
Rename field net/minecraft/block/Block/blockState[1861,1871]::blockState->field_176227_L
Rename method net/minecraft/block/state/BlockStateContainer/getBaseState ()Lnet/minecraft/block/state/IBlockState;[1876,1888]::getBaseState->func_177621_b
Rename method net/minecraft/block/state/IBlockState/withProperty (Lnet/minecraft/block/properties/IProperty;Ljava/lang/Comparable;)Lnet/minecraft/block/state/IBlockState;[1892,1904]::withProperty->func_177226_a
Rename method net/minecraft/block/state/IBlockState/withProperty (Lnet/minecraft/block/properties/IProperty;Ljava/lang/Comparable;)Lnet/minecraft/block/state/IBlockState;[1931,1943]::withProperty->func_177226_a
Rename method net/minecraft/block/state/IBlockState/withProperty (Lnet/minecraft/block/properties/IProperty;Ljava/lang/Comparable;)Lnet/minecraft/block/state/IBlockState;[1976,1988]::withProperty->func_177226_a
Rename method net/minecraft/block/state/IBlockState/withProperty (Lnet/minecraft/block/properties/IProperty;Ljava/lang/Comparable;)Lnet/minecraft/block/state/IBlockState;[2020,2032]::withProperty->func_177226_a
Rename method net/minecraft/block/state/IBlockState/withProperty (Lnet/minecraft/block/properties/IProperty;Ljava/lang/Comparable;)Lnet/minecraft/block/state/IBlockState;[2065,2077]::withProperty->func_177226_a
Rename method net/minecraft/block/state/IBlockState/withProperty (Lnet/minecraft/block/properties/IProperty;Ljava/lang/Comparable;)Lnet/minecraft/block/state/IBlockState;[2109,2121]::withProperty->func_177226_a
Rename method net/minecraft/block/Block/setTickRandomly (Z)Lnet/minecraft/block/Block;[2246,2261]::setTickRandomly->func_149675_a
Rename method net/minecraft/block/Block/setLightLevel (F)Lnet/minecraft/block/Block;[2305,2318]::setLightLevel->func_149715_a
Rename method net/minecraft/block/Block/getActualState (Lnet/minecraft/block/state/IBlockState;Lnet/minecraft/world/IBlockAccess;Lnet/minecraft/util/math/BlockPos;)Lnet/minecraft/block/state/IBlockState;[2351,2365]::getActualState->func_176221_a
Rename method net/minecraft/world/IBlockAccess/getBlockState (Lnet/minecraft/util/math/BlockPos;)Lnet/minecraft/block/state/IBlockState;[2438,2451]::getBlockState->func_180495_p
Rename method net/minecraft/util/math/BlockPos/down ()Lnet/minecraft/util/math/BlockPos;[2456,2460]::down->func_177977_b
Rename method net/minecraft/util/math/BlockPos/down ()Lnet/minecraft/util/math/BlockPos;[2498,2502]::down->func_177977_b
Rename field net/minecraft/init/Blocks/FIRE[2541,2545]::FIRE->field_150480_ab
Rename method net/minecraft/util/math/BlockPos/down ()Lnet/minecraft/util/math/BlockPos;[2583,2587]::down->func_177977_b
Rename method net/minecraft/block/state/IBlockState/withProperty (Lnet/minecraft/block/properties/IProperty;Ljava/lang/Comparable;)Lnet/minecraft/block/state/IBlockState;[2635,2647]::withProperty->func_177226_a
Rename method net/minecraft/util/math/BlockPos/north ()Lnet/minecraft/util/math/BlockPos;[2687,2692]::north->func_177978_c
Rename method net/minecraft/block/state/IBlockState/withProperty (Lnet/minecraft/block/properties/IProperty;Ljava/lang/Comparable;)Lnet/minecraft/block/state/IBlockState;[2730,2742]::withProperty->func_177226_a
Rename method net/minecraft/util/math/BlockPos/east ()Lnet/minecraft/util/math/BlockPos;[2781,2785]::east->func_177974_f
Rename method net/minecraft/block/state/IBlockState/withProperty (Lnet/minecraft/block/properties/IProperty;Ljava/lang/Comparable;)Lnet/minecraft/block/state/IBlockState;[2823,2835]::withProperty->func_177226_a
Rename method net/minecraft/util/math/BlockPos/south ()Lnet/minecraft/util/math/BlockPos;[2875,2880]::south->func_177968_d
Rename method net/minecraft/block/state/IBlockState/withProperty (Lnet/minecraft/block/properties/IProperty;Ljava/lang/Comparable;)Lnet/minecraft/block/state/IBlockState;[2918,2930]::withProperty->func_177226_a
Rename method net/minecraft/util/math/BlockPos/west ()Lnet/minecraft/util/math/BlockPos;[2969,2973]::west->func_177976_e
Rename method net/minecraft/block/state/IBlockState/withProperty (Lnet/minecraft/block/properties/IProperty;Ljava/lang/Comparable;)Lnet/minecraft/block/state/IBlockState;[3011,3023]::withProperty->func_177226_a
Rename method net/minecraft/util/math/BlockPos/up ()Lnet/minecraft/util/math/BlockPos;[3063,3065]::up->func_177984_a
Rename method net/minecraft/block/Block/getDefaultState ()Lnet/minecraft/block/state/IBlockState;[3119,3134]::getDefaultState->func_176223_P
Rename method net/minecraft/block/Block/tickRate (Lnet/minecraft/world/World;)I[3155,3163]::tickRate->func_149738_a
Rename method net/minecraft/block/Block/quantityDropped (Ljava/util/Random;)I[3298,3313]::quantityDropped->func_149745_a
Rename method net/minecraft/block/Block/isCollidable ()Z[3377,3389]::isCollidable->func_149703_v
Rename method net/minecraft/block/Block/getCollisionBoundingBox (Lnet/minecraft/block/state/IBlockState;Lnet/minecraft/world/IBlockAccess;Lnet/minecraft/util/math/BlockPos;)Lnet/minecraft/util/math/AxisAlignedBB;[3452,3475]::getCollisionBoundingBox->func_180646_a
Rename field net/minecraft/block/Block/NULL_AABB[3538,3547]::NULL_AABB->field_185506_k
Rename method net/minecraft/block/Block/isOpaqueCube (Lnet/minecraft/block/state/IBlockState;)Z[3577,3589]::isOpaqueCube->func_149662_c
Rename method net/minecraft/block/Block/isFullCube (Lnet/minecraft/block/state/IBlockState;)Z[3795,3805]::isFullCube->func_149686_d
Rename method net/minecraft/block/Block/updateTick (Lnet/minecraft/world/World;Lnet/minecraft/util/math/BlockPos;Lnet/minecraft/block/state/IBlockState;Ljava/util/Random;)V[3879,3889]::updateTick->func_180650_b
Rename method net/minecraft/world/World/isAreaLoaded (Lnet/minecraft/util/math/BlockPos;I)Z[3972,3984]::isAreaLoaded->func_175697_a
Rename method net/minecraft/block/state/IBlockState/getValue (Lnet/minecraft/block/properties/IProperty;)Ljava/lang/Comparable;[4081,4089]::getValue->func_177229_b
Rename method net/minecraft/block/state/IBlockState/withProperty (Lnet/minecraft/block/properties/IProperty;Ljava/lang/Comparable;)Lnet/minecraft/block/state/IBlockState;[4150,4162]::withProperty->func_177226_a
Rename method net/minecraft/world/World/setBlockState (Lnet/minecraft/util/math/BlockPos;Lnet/minecraft/block/state/IBlockState;I)Z[4222,4235]::setBlockState->func_180501_a
Rename method net/minecraft/world/World/scheduleUpdate (Lnet/minecraft/util/math/BlockPos;Lnet/minecraft/block/Block;I)V[4264,4278]::scheduleUpdate->func_175684_a
Rename method net/minecraft/block/Block/tickRate (Lnet/minecraft/world/World;)I[4294,4302]::tickRate->func_149738_a
Rename method net/minecraft/world/World/setBlockToAir (Lnet/minecraft/util/math/BlockPos;)Z[4377,4390]::setBlockToAir->func_175698_g
Rename method net/minecraft/block/Block/requiresUpdates ()Z[4437,4452]::requiresUpdates->func_149698_L
Rename method net/minecraft/entity/Entity/isRiding ()Z[4627,4635]::isRiding->func_184218_aH
Rename method net/minecraft/entity/Entity/isBeingRidden ()Z[4657,4670]::isBeingRidden->func_184207_aI
Rename method net/minecraft/entity/Entity/isNonBoss ()Z[4686,4695]::isNonBoss->func_184222_aU
Rename field net/minecraft/entity/Entity/world[4733,4738]::world->field_70170_p
Rename field net/minecraft/world/World/provider[4747,4755]::provider->field_73011_w
Rename method net/minecraft/util/math/Vec3i/getX ()I[4812,4816]::getX->func_177958_n
Rename method net/minecraft/util/math/Vec3i/getZ ()I[4845,4849]::getZ->func_177952_p
Rename method net/minecraft/world/World/setBlockToAir (Lnet/minecraft/util/math/BlockPos;)Z[5193,5206]::setBlockToAir->func_175698_g
Rename method net/minecraft/util/math/Vec3i/getY ()I[5429,5433]::getY->func_177956_o
Rename method net/minecraft/block/Block/onEntityCollision (Lnet/minecraft/world/World;Lnet/minecraft/util/math/BlockPos;Lnet/minecraft/block/state/IBlockState;Lnet/minecraft/entity/Entity;)V[5487,5504]::onEntityCollision->func_180634_a
Rename method net/minecraft/block/Block/randomDisplayTick (Lnet/minecraft/block/state/IBlockState;Lnet/minecraft/world/World;Lnet/minecraft/util/math/BlockPos;Ljava/util/Random;)V[5663,5680]::randomDisplayTick->func_180655_c
Rename method net/minecraft/world/World/playSound (DDDLnet/minecraft/util/SoundEvent;Lnet/minecraft/util/SoundCategory;FFZ)V[5786,5795]::playSound->func_184134_a
Rename method net/minecraft/util/math/Vec3i/getX ()I[5822,5826]::getX->func_177958_n
Rename method net/minecraft/util/math/Vec3i/getY ()I[5869,5873]::getY->func_177956_o
Rename method net/minecraft/util/math/Vec3i/getZ ()I[5916,5920]::getZ->func_177952_p
Rename field net/minecraft/init/SoundEvents/BLOCK_FIRE_AMBIENT[5953,5971]::BLOCK_FIRE_AMBIENT->field_187643_bs
Rename method net/minecraft/world/World/playSound (DDDLnet/minecraft/util/SoundEvent;Lnet/minecraft/util/SoundCategory;FFZ)V[6106,6115]::playSound->func_184134_a
Rename method net/minecraft/util/math/Vec3i/getX ()I[6133,6137]::getX->func_177958_n
Rename method net/minecraft/util/math/Vec3i/getY ()I[6170,6174]::getY->func_177956_o
Rename method net/minecraft/util/math/Vec3i/getZ ()I[6207,6211]::getZ->func_177952_p
Rename field net/minecraft/init/SoundEvents/BLOCK_PORTAL_AMBIENT[6243,6263]::BLOCK_PORTAL_AMBIENT->field_187810_eg
Rename method net/minecraft/util/math/Vec3i/getX ()I[6395,6399]::getX->func_177958_n
Rename method net/minecraft/util/math/Vec3i/getY ()I[6461,6465]::getY->func_177956_o
Rename method net/minecraft/util/math/Vec3i/getZ ()I[6541,6545]::getZ->func_177952_p
Rename method net/minecraft/world/World/spawnParticle (Lnet/minecraft/util/EnumParticleTypes;DDDDDD[I)V[6590,6603]::spawnParticle->func_175688_a
Rename method net/minecraft/util/math/Vec3i/getX ()I[6737,6741]::getX->func_177958_n
Rename method net/minecraft/util/math/Vec3i/getY ()I[6812,6816]::getY->func_177956_o
Rename method net/minecraft/util/math/Vec3i/getZ ()I[6887,6891]::getZ->func_177952_p
Rename method net/minecraft/util/math/Vec3i/getX ()I[7162,7166]::getX->func_177958_n
Rename method net/minecraft/world/World/spawnParticle (Lnet/minecraft/util/EnumParticleTypes;DDDDDD[I)V[7276,7289]::spawnParticle->func_175688_a
Rename method net/minecraft/util/math/Vec3i/getX ()I[7374,7378]::getX->func_177958_n
Rename method net/minecraft/util/math/Vec3i/getZ ()I[7485,7489]::getZ->func_177952_p
Rename method net/minecraft/world/World/spawnParticle (Lnet/minecraft/util/EnumParticleTypes;DDDDDD[I)V[7599,7612]::spawnParticle->func_175688_a
Rename method net/minecraft/block/Block/onBlockAdded (Lnet/minecraft/world/World;Lnet/minecraft/util/math/BlockPos;Lnet/minecraft/block/state/IBlockState;)V[7703,7715]::onBlockAdded->func_176213_c
Rename method net/minecraft/world/World/scheduleUpdate (Lnet/minecraft/util/math/BlockPos;Lnet/minecraft/block/Block;I)V[7778,7792]::scheduleUpdate->func_175684_a
Rename method net/minecraft/block/Block/tickRate (Lnet/minecraft/world/World;)I[7808,7816]::tickRate->func_149738_a
Rename field net/minecraft/world/World/rand[7841,7845]::rand->field_73012_v
Rename method net/minecraft/block/Block/canPlaceBlockAt (Lnet/minecraft/world/World;Lnet/minecraft/util/math/BlockPos;)Z[7904,7919]::canPlaceBlockAt->func_176196_c
Rename method net/minecraft/world/IBlockAccess/getBlockState (Lnet/minecraft/util/math/BlockPos;)Lnet/minecraft/block/state/IBlockState;[7967,7980]::getBlockState->func_180495_p
Rename method net/minecraft/util/math/BlockPos/down ()Lnet/minecraft/util/math/BlockPos;[7985,7989]::down->func_177977_b
Rename method net/minecraft/block/state/IBlockProperties/isTopSolid ()Z[8002,8012]::isTopSolid->func_185896_q
Rename method net/minecraft/block/Block/getMapColor (Lnet/minecraft/block/state/IBlockState;Lnet/minecraft/world/IBlockAccess;Lnet/minecraft/util/math/BlockPos;)Lnet/minecraft/block/material/MapColor;[8055,8066]::getMapColor->func_180659_g
Rename field net/minecraft/block/material/MapColor/TNT[8145,8148]::TNT->field_151656_f
Rename method net/minecraft/block/Block/getStateFromMeta (I)Lnet/minecraft/block/state/IBlockState;[8200,8216]::getStateFromMeta->func_176203_a
Rename method net/minecraft/block/Block/getDefaultState ()Lnet/minecraft/block/state/IBlockState;[8241,8256]::getDefaultState->func_176223_P
Rename method net/minecraft/block/state/IBlockState/withProperty (Lnet/minecraft/block/properties/IProperty;Ljava/lang/Comparable;)Lnet/minecraft/block/state/IBlockState;[8257,8269]::withProperty->func_177226_a
Rename method net/minecraft/block/Block/getRenderLayer ()Lnet/minecraft/util/BlockRenderLayer;[8357,8371]::getRenderLayer->func_180664_k
Rename method net/minecraft/block/Block/getMetaFromState (Lnet/minecraft/block/state/IBlockState;)I[8441,8457]::getMetaFromState->func_176201_c
Rename method net/minecraft/block/state/IBlockState/getValue (Lnet/minecraft/block/properties/IProperty;)Ljava/lang/Comparable;[8503,8511]::getValue->func_177229_b
Rename method net/minecraft/block/Block/createBlockState ()Lnet/minecraft/block/state/BlockStateContainer;[8585,8601]::createBlockState->func_180661_e
Rename method net/minecraft/world/IBlockAccess/getBlockState (Lnet/minecraft/util/math/BlockPos;)Lnet/minecraft/block/state/IBlockState;[8805,8818]::getBlockState->func_180495_p
Rename method net/minecraft/block/state/IBlockState/getBlock ()Lnet/minecraft/block/Block;[8824,8832]::getBlock->func_177230_c
Rename method net/minecraft/block/Block/getBlockFaceShape (Lnet/minecraft/world/IBlockAccess;Lnet/minecraft/block/state/IBlockState;Lnet/minecraft/util/math/BlockPos;Lnet/minecraft/util/EnumFacing;)Lnet/minecraft/block/state/BlockFaceShape;[8913,8930]::getBlockFaceShape->func_193383_a
Import: com.windanesz.ancientspellcraft.util.SpellTeleporter
Import: net.minecraft.block.Block
Import: net.minecraft.block.material.MapColor
Import: net.minecraft.block.material.Material
Import: net.minecraft.block.properties.IProperty
Import: net.minecraft.block.properties.PropertyBool
Import: net.minecraft.block.properties.PropertyInteger
Import: net.minecraft.block.state.BlockFaceShape
Import: net.minecraft.block.state.BlockStateContainer
Import: net.minecraft.block.state.IBlockState
Import: net.minecraft.entity.Entity
Import: net.minecraft.entity.player.EntityPlayer
Import: net.minecraft.init.Blocks
Import: net.minecraft.init.SoundEvents
Import: net.minecraft.util.BlockRenderLayer
Import: net.minecraft.util.EnumFacing
Import: net.minecraft.util.EnumParticleTypes
Import: net.minecraft.util.SoundCategory
Import: net.minecraft.util.math.AxisAlignedBB
Import: net.minecraft.util.math.BlockPos
Import: net.minecraft.world.IBlockAccess
Import: net.minecraft.world.World
Import: net.minecraftforge.fml.relauncher.Side
Import: net.minecraftforge.fml.relauncher.SideOnly
Adding 2 imports
        java.util.Random
        javax.annotation.Nullable
End  Processing: com/windanesz/ancientspellcraft/block/NetherFire.java

Start Processing: com/windanesz/ancientspellcraft/client/model/ModelSkeletonMage.java
Import: net.minecraft.client.model.ModelSkeleton
End  Processing: com/windanesz/ancientspellcraft/client/model/ModelSkeletonMage.java

Start Processing: com/windanesz/ancientspellcraft/client/renderer/entity/RenderSkeletonMage.java
FOUND CONSTR method com/windanesz/ancientspellcraft/client/renderer/entity/RenderSkeletonMage/RenderSkeletonMage (Lnet/minecraft/client/renderer/entity/RenderManager;)V com/windanesz/ancientspellcraft/client/renderer/entity/RenderSkeletonMage
Import: net.minecraft.client.renderer.entity.RenderManager
Import: net.minecraft.client.renderer.entity.RenderSkeleton
End  Processing: com/windanesz/ancientspellcraft/client/renderer/entity/RenderSkeletonMage.java

Start Processing: com/windanesz/ancientspellcraft/entity/living/EntitySkeletonMage.java
FOUND CONSTR method com/windanesz/ancientspellcraft/entity/living/EntitySkeletonMage/EntitySkeletonMage (Lnet/minecraft/world/World;)V com/windanesz/ancientspellcraft/entity/living/EntitySkeletonMage
Rename method net/minecraft/entity/monster/AbstractSkeleton/getStepSound ()Lnet/minecraft/util/SoundEvent;[542,554]::getStepSound->func_190727_o
Rename method net/minecraft/entity/IEntityOwnable/getOwnerId ()Ljava/util/UUID;[1039,1049]::getOwnerId->func_184753_b
Rename method net/minecraft/entity/IEntityOwnable/getOwner ()Lnet/minecraft/entity/Entity;[1119,1127]::getOwner->func_70902_q
Import: electroblob.wizardry.entity.living.ISummonedCreature
Import: net.minecraft.entity.Entity
Import: net.minecraft.entity.monster.AbstractSkeleton
Import: net.minecraft.util.SoundEvent
Import: net.minecraft.world.World
Adding 2 imports
        java.util.UUID
        javax.annotation.Nullable
End  Processing: com/windanesz/ancientspellcraft/entity/living/EntitySkeletonMage.java

Start Processing: com/windanesz/ancientspellcraft/init/AncientSpellcraftBlocks.java
Import: com.windanesz.ancientspellcraft.AncientSpellcraft
Import: net.minecraft.block.Block
Import: net.minecraftforge.fml.common.registry.GameRegistry.ObjectHolder
Import: javax.annotation.Nonnull
End  Processing: com/windanesz/ancientspellcraft/init/AncientSpellcraftBlocks.java

Start Processing: com/windanesz/ancientspellcraft/proxy/ClientProxy.java
Import: net.minecraftforge.fml.common.event.FMLInitializationEvent
Import: net.minecraftforge.fml.common.event.FMLPostInitializationEvent
Import: net.minecraftforge.fml.common.event.FMLPreInitializationEvent
End  Processing: com/windanesz/ancientspellcraft/proxy/ClientProxy.java

Start Processing: com/windanesz/ancientspellcraft/proxy/IProxy.java
Import: net.minecraftforge.fml.common.event.FMLInitializationEvent
Import: net.minecraftforge.fml.common.event.FMLPostInitializationEvent
Import: net.minecraftforge.fml.common.event.FMLPreInitializationEvent
End  Processing: com/windanesz/ancientspellcraft/proxy/IProxy.java

Start Processing: com/windanesz/ancientspellcraft/proxy/ServerProxy.java
Import: net.minecraftforge.fml.common.event.FMLInitializationEvent
Import: net.minecraftforge.fml.common.event.FMLPostInitializationEvent
Import: net.minecraftforge.fml.common.event.FMLPreInitializationEvent
End  Processing: com/windanesz/ancientspellcraft/proxy/ServerProxy.java

Start Processing: com/windanesz/ancientspellcraft/registry/AncientSpellcraftSounds.java
New Key: class net/minecraftforge/fml/common/registry/GameRegistry
New Key: class net/minecraftforge/fml/common/Mod
FOUND CONSTR method com/windanesz/ancientspellcraft/registry/AncientSpellcraftSounds/AncientSpellcraftSounds ()V com/windanesz/ancientspellcraft/registry/AncientSpellcraftSounds
New Key: class net/minecraftforge/event/RegistryEvent
Import: com.windanesz.ancientspellcraft.AncientSpellcraft
Import: net.minecraft.util.ResourceLocation
Import: net.minecraft.util.SoundEvent
Import: net.minecraftforge.event.RegistryEvent
Import: net.minecraftforge.fml.common.Mod
Import: net.minecraftforge.fml.common.eventhandler.SubscribeEvent
Import: net.minecraftforge.fml.common.registry.GameRegistry
Import: net.minecraftforge.registries.IForgeRegistry
Adding 2 imports
        java.util.HashMap
        java.util.Map
End  Processing: com/windanesz/ancientspellcraft/registry/AncientSpellcraftSounds.java

Start Processing: com/windanesz/ancientspellcraft/registry/ModelRegistryHandler.java
Import: net.minecraft.client.renderer.block.model.ModelResourceLocation
Import: net.minecraft.item.Item
Import: net.minecraftforge.client.event.ModelRegistryEvent
Import: net.minecraftforge.client.model.ModelLoader
Import: net.minecraftforge.fml.common.Mod.EventBusSubscriber
Import: net.minecraftforge.fml.common.eventhandler.SubscribeEvent
Import: net.minecraftforge.fml.relauncher.Side
End  Processing: com/windanesz/ancientspellcraft/registry/ModelRegistryHandler.java

Start Processing: com/windanesz/ancientspellcraft/registry/RegistryHandler.java
New Key: class net/minecraftforge/event/RegistryEvent
New Key: class net/minecraftforge/event/RegistryEvent
Import: com.windanesz.ancientspellcraft.AncientSpellcraft
Import: com.windanesz.ancientspellcraft.block.NetherFire
Import: com.windanesz.ancientspellcraft.spell.HellGate
Import: com.windanesz.ancientspellcraft.spell.SummonLicheLord
Import: com.windanesz.ancientspellcraft.spell.TameAnimal
Import: electroblob.wizardry.entity.living.EntitySkeletonMinion
Import: electroblob.wizardry.spell.Spell
Import: net.minecraft.block.Block
Import: net.minecraft.item.EnumAction
Import: net.minecraftforge.event.RegistryEvent
Import: net.minecraftforge.fml.common.Mod.EventBusSubscriber
Import: net.minecraftforge.fml.common.eventhandler.SubscribeEvent
End  Processing: com/windanesz/ancientspellcraft/registry/RegistryHandler.java

Start Processing: com/windanesz/ancientspellcraft/spell/HellGate.java
FOUND CONSTR method com/windanesz/ancientspellcraft/spell/HellGate/HellGate (Ljava/lang/String;Ljava/lang/String;Lnet/minecraft/item/EnumAction;Z)V com/windanesz/ancientspellcraft/spell/HellGate
Rename method net/minecraft/util/math/BlockPos/offset (Lnet/minecraft/util/EnumFacing;)Lnet/minecraft/util/math/BlockPos;[1398,1404]::offset->func_177972_a
Rename method net/minecraft/world/IBlockAccess/isAirBlock (Lnet/minecraft/util/math/BlockPos;)Z[1434,1444]::isAirBlock->func_175623_d
Rename field net/minecraft/world/World/isRemote[1473,1481]::isRemote->field_72995_K
Rename method net/minecraft/world/World/setBlockState (Lnet/minecraft/util/math/BlockPos;Lnet/minecraft/block/state/IBlockState;)Z[1501,1514]::setBlockState->func_175656_a
Rename method net/minecraft/block/Block/getDefaultState ()Lnet/minecraft/block/state/IBlockState;[1556,1571]::getDefaultState->func_176223_P
Rename method net/minecraft/world/World/playSound (DDDLnet/minecraft/util/SoundEvent;Lnet/minecraft/util/SoundCategory;FFZ)V[1590,1599]::playSound->func_184134_a
Rename method net/minecraft/util/math/Vec3i/getX ()I[1617,1621]::getX->func_177958_n
Rename method net/minecraft/util/math/Vec3i/getY ()I[1654,1658]::getY->func_177956_o
Rename method net/minecraft/util/math/Vec3i/getZ ()I[1691,1695]::getZ->func_177952_p
Rename field net/minecraft/init/SoundEvents/BLOCK_PORTAL_AMBIENT[1727,1747]::BLOCK_PORTAL_AMBIENT->field_187810_eg
Import: com.windanesz.ancientspellcraft.init.AncientSpellcraftBlocks
Import: electroblob.wizardry.spell.SpellRay
Import: electroblob.wizardry.util.SpellModifiers
Import: electroblob.wizardry.util.WizardryUtilities
Import: net.minecraft.entity.Entity
Import: net.minecraft.entity.EntityLivingBase
Import: net.minecraft.init.SoundEvents
Import: net.minecraft.item.EnumAction
Import: net.minecraft.util.EnumFacing
Import: net.minecraft.util.SoundCategory
Import: net.minecraft.util.math.BlockPos
Import: net.minecraft.util.math.Vec3d
Import: net.minecraft.world.World
Adding 2 imports
        java.util.Random
        javax.annotation.Nullable
End  Processing: com/windanesz/ancientspellcraft/spell/HellGate.java

Start Processing: com/windanesz/ancientspellcraft/spell/SummonLicheLord.java
FOUND CONSTR method com/windanesz/ancientspellcraft/spell/SummonLicheLord/SummonLicheLord (Ljava/lang/String;Ljava/lang/String;Ljava/util/function/Function;)V com/windanesz/ancientspellcraft/spell/SummonLicheLord
Rename method net/minecraft/entity/Entity/setItemStackToSlot (Lnet/minecraft/inventory/EntityEquipmentSlot;Lnet/minecraft/item/ItemStack;)V[1525,1543]::setItemStackToSlot->func_184201_a
Rename field net/minecraft/init/Items/BOW[1589,1592]::BOW->field_151031_f
Rename method net/minecraft/entity/EntityLiving/setDropChance (Lnet/minecraft/inventory/EntityEquipmentSlot;F)V[1617,1630]::setDropChance->func_184642_a
Import: electroblob.wizardry.entity.living.EntitySkeletonMinion
Import: electroblob.wizardry.entity.living.EntityStrayMinion
Import: electroblob.wizardry.item.ItemArtefact
Import: electroblob.wizardry.registry.WizardryItems
Import: electroblob.wizardry.spell.SpellMinion
Import: electroblob.wizardry.util.SpellModifiers
Import: net.minecraft.entity.EntityLivingBase
Import: net.minecraft.entity.player.EntityPlayer
Import: net.minecraft.init.Items
Import: net.minecraft.inventory.EntityEquipmentSlot
Import: net.minecraft.item.ItemStack
Import: net.minecraft.util.math.BlockPos
Import: net.minecraft.world.World
Adding 1 imports
        java.util.function.Function
End  Processing: com/windanesz/ancientspellcraft/spell/SummonLicheLord.java

Start Processing: com/windanesz/ancientspellcraft/spell/TameAnimal.java
FOUND CONSTR method com/windanesz/ancientspellcraft/spell/TameAnimal/TameAnimal (Ljava/lang/String;Ljava/lang/String;ZLnet/minecraft/item/EnumAction;)V com/windanesz/ancientspellcraft/spell/TameAnimal
Rename method net/minecraft/world/World/playSound (DDDLnet/minecraft/util/SoundEvent;Lnet/minecraft/util/SoundCategory;FFZ)V[2002,2011]::playSound->func_184134_a
Rename method net/minecraft/command/ICommandSender/getPosition ()Lnet/minecraft/util/math/BlockPos;[2032,2043]::getPosition->func_180425_c
Rename method net/minecraft/util/math/Vec3i/getX ()I[2048,2052]::getX->func_177958_n
Rename method net/minecraft/command/ICommandSender/getPosition ()Lnet/minecraft/util/math/BlockPos;[2081,2092]::getPosition->func_180425_c
Rename method net/minecraft/util/math/Vec3i/getY ()I[2097,2101]::getY->func_177956_o
Rename method net/minecraft/command/ICommandSender/getPosition ()Lnet/minecraft/util/math/BlockPos;[2130,2141]::getPosition->func_180425_c
Rename method net/minecraft/util/math/Vec3i/getZ ()I[2146,2150]::getZ->func_177952_p
Rename field net/minecraft/init/SoundEvents/BLOCK_NOTE_CHIME[2175,2191]::BLOCK_NOTE_CHIME->field_193808_ex
Rename method net/minecraft/entity/passive/EntityTameable/isTamed ()Z[2371,2378]::isTamed->func_70909_n
Rename method net/minecraft/entity/passive/EntityTameable/setTamedBy (Lnet/minecraft/entity/player/EntityPlayer;)V[2426,2436]::setTamedBy->func_193101_c
Rename field net/minecraft/entity/Entity/world[2504,2509]::world->field_70170_p
Rename method net/minecraft/world/World/setEntityState (Lnet/minecraft/entity/Entity;B)V[2518,2532]::setEntityState->func_72960_a
Rename method net/minecraft/entity/passive/EntityTameable/isTamed ()Z[2682,2689]::isTamed->func_70909_n
Rename method net/minecraft/entity/passive/EntityTameable/setTamedBy (Lnet/minecraft/entity/player/EntityPlayer;)V[2735,2745]::setTamedBy->func_193101_c
Rename method net/minecraft/entity/EntityLiving/getNavigator ()Lnet/minecraft/pathfinding/PathNavigate;[2775,2787]::getNavigator->func_70661_as
Rename method net/minecraft/pathfinding/PathNavigate/clearPath ()V[2791,2800]::clearPath->func_75499_g
Rename method net/minecraft/entity/EntityLiving/setAttackTarget (Lnet/minecraft/entity/EntityLivingBase;)V[2818,2833]::setAttackTarget->func_70624_b
Rename method net/minecraft/entity/passive/EntityTameable/getAISit ()Lnet/minecraft/entity/ai/EntityAISit;[2868,2876]::getAISit->func_70907_r
Rename method net/minecraft/entity/ai/EntityAISit/setSitting (Z)V[2883,2893]::setSitting->func_75270_a
Rename method net/minecraft/entity/EntityLivingBase/setHealth (F)V[2914,2923]::setHealth->func_70606_j
Rename field net/minecraft/entity/Entity/world[2980,2985]::world->field_70170_p
Rename method net/minecraft/world/World/setEntityState (Lnet/minecraft/entity/Entity;B)V[2994,3008]::setEntityState->func_72960_a
Rename method net/minecraft/entity/passive/EntityTameable/isTamed ()Z[3185,3192]::isTamed->func_70909_n
Rename method net/minecraft/entity/passive/EntityTameable/setTamedBy (Lnet/minecraft/entity/player/EntityPlayer;)V[3240,3250]::setTamedBy->func_193101_c
Rename method net/minecraft/entity/passive/EntityOcelot/setTameSkin (I)V[3282,3293]::setTameSkin->func_70912_b
Rename field net/minecraft/entity/Entity/world[3306,3311]::world->field_70170_p
Rename field net/minecraft/world/World/rand[3320,3324]::rand->field_73012_v
Rename method net/minecraft/entity/passive/EntityTameable/getAISit ()Lnet/minecraft/entity/ai/EntityAISit;[3396,3404]::getAISit->func_70907_r
Rename method net/minecraft/entity/ai/EntityAISit/setSitting (Z)V[3411,3421]::setSitting->func_75270_a
Rename field net/minecraft/entity/Entity/world[3444,3449]::world->field_70170_p
Rename method net/minecraft/world/World/setEntityState (Lnet/minecraft/entity/Entity;B)V[3458,3472]::setEntityState->func_72960_a
Rename method net/minecraft/entity/passive/AbstractHorse/isTame ()Z[3749,3755]::isTame->func_110248_bS
Rename method net/minecraft/entity/Entity/isBeingRidden ()Z[3776,3789]::isBeingRidden->func_184207_aI
Rename method net/minecraft/entity/passive/AbstractHorse/setTamedBy (Lnet/minecraft/entity/player/EntityPlayer;)Z[3808,3818]::setTamedBy->func_110263_g
Rename field net/minecraft/entity/Entity/world[4797,4802]::world->field_70170_p
Rename method net/minecraft/world/World/spawnParticle (Lnet/minecraft/util/EnumParticleTypes;DDDDDD[I)V[4811,4824]::spawnParticle->func_175688_a
Rename field net/minecraft/entity/Entity/posX[4863,4867]::posX->field_70165_t
Rename field net/minecraft/entity/Entity/width[4926,4931]::width->field_70130_N
Rename field net/minecraft/entity/Entity/width[4972,4977]::width->field_70130_N
Rename field net/minecraft/entity/Entity/posY[5006,5010]::posY->field_70163_u
Rename field net/minecraft/entity/Entity/height[5076,5082]::height->field_70131_O
Rename field net/minecraft/entity/Entity/posZ[5111,5115]::posZ->field_70161_v
Rename field net/minecraft/entity/Entity/width[5174,5179]::width->field_70130_N
Rename field net/minecraft/entity/Entity/width[5220,5225]::width->field_70130_N
New Key: class electroblob/wizardry/util/ParticleBuilder
Import: electroblob.wizardry.registry.WizardrySounds
Import: electroblob.wizardry.spell.SpellRay
Import: electroblob.wizardry.util.ParticleBuilder
Import: electroblob.wizardry.util.SpellModifiers
Import: net.minecraft.entity.Entity
Import: net.minecraft.entity.EntityLivingBase
Import: net.minecraft.entity.passive.AbstractHorse
Import: net.minecraft.entity.passive.EntityAnimal
Import: net.minecraft.entity.passive.EntityDonkey
Import: net.minecraft.entity.passive.EntityHorse
Import: net.minecraft.entity.passive.EntityLlama
Import: net.minecraft.entity.passive.EntityMule
Import: net.minecraft.entity.passive.EntityOcelot
Import: net.minecraft.entity.passive.EntityParrot
Import: net.minecraft.entity.passive.EntityWolf
Import: net.minecraft.entity.player.EntityPlayer
Import: net.minecraft.init.SoundEvents
Import: net.minecraft.item.EnumAction
Import: net.minecraft.util.EnumFacing
Import: net.minecraft.util.EnumHand
Import: net.minecraft.util.EnumParticleTypes
Import: net.minecraft.util.SoundCategory
Import: net.minecraft.util.math.BlockPos
Import: net.minecraft.util.math.Vec3d
Import: net.minecraft.world.World
Adding 2 imports
        java.util.Random
        javax.annotation.Nullable
End  Processing: com/windanesz/ancientspellcraft/spell/TameAnimal.java

Start Processing: com/windanesz/ancientspellcraft/util/InjectionTools.java
FOUND CONSTR method com/windanesz/ancientspellcraft/util/InjectionTools/InjectionTools ()V com/windanesz/ancientspellcraft/util/InjectionTools
End  Processing: com/windanesz/ancientspellcraft/util/InjectionTools.java

Start Processing: com/windanesz/ancientspellcraft/util/SpellTeleporter.java
FOUND CONSTR method com/windanesz/ancientspellcraft/util/SpellTeleporter/SpellTeleporter (DDD)V com/windanesz/ancientspellcraft/util/SpellTeleporter
Rename method net/minecraft/entity/Entity/setPosition (DDD)V[898,909]::setPosition->func_70107_b
Rename field net/minecraft/entity/Entity/motionX[931,938]::motionX->field_70159_w
Rename field net/minecraft/entity/Entity/motionY[960,967]::motionY->field_70181_x
Rename field net/minecraft/entity/Entity/motionZ[989,996]::motionZ->field_70179_y
Rename method net/minecraft/command/ICommandSender/getEntityWorld ()Lnet/minecraft/world/World;[1249,1263]::getEntityWorld->func_130014_f_
Rename method net/minecraft/world/World/getMinecraftServer ()Lnet/minecraft/server/MinecraftServer;[1266,1284]::getMinecraftServer->func_73046_m
Rename method net/minecraft/server/MinecraftServer/getWorld (I)Lnet/minecraft/world/WorldServer;[1346,1354]::getWorld->func_71218_a
Rename method net/minecraft/world/World/getMinecraftServer ()Lnet/minecraft/server/MinecraftServer;[1393,1411]::getMinecraftServer->func_73046_m
Rename method net/minecraft/world/IBlockAccess/getBlockState (Lnet/minecraft/util/math/BlockPos;)Lnet/minecraft/block/state/IBlockState;[1757,1770]::getBlockState->func_180495_p
Rename method net/minecraft/block/state/IBlockProperties/getMaterial ()Lnet/minecraft/block/material/Material;[1818,1829]::getMaterial->func_185904_a
Rename field net/minecraft/block/material/Material/LAVA[1870,1874]::LAVA->field_151587_i
Rename field net/minecraft/block/material/Material/FIRE[1909,1913]::FIRE->field_151581_o
Rename method net/minecraft/util/math/BlockPos/add (III)Lnet/minecraft/util/math/BlockPos;[1967,1970]::add->func_177982_a
Rename method net/minecraft/world/IBlockAccess/getBlockState (Lnet/minecraft/util/math/BlockPos;)Lnet/minecraft/block/state/IBlockState;[2022,2035]::getBlockState->func_180495_p
Rename method net/minecraft/block/state/IBlockProperties/getMaterial ()Lnet/minecraft/block/material/Material;[2075,2086]::getMaterial->func_185904_a
Rename method net/minecraft/world/World/setBlockToAir (Lnet/minecraft/util/math/BlockPos;)Z[2138,2151]::setBlockToAir->func_175698_g
Rename method net/minecraft/world/World/setBlockToAir (Lnet/minecraft/util/math/BlockPos;)Z[2181,2194]::setBlockToAir->func_175698_g
Rename method net/minecraft/util/math/BlockPos/up ()Lnet/minecraft/util/math/BlockPos;[2204,2206]::up->func_177984_a
Rename method net/minecraft/util/math/BlockPos/getAllInBox (Lnet/minecraft/util/math/BlockPos;Lnet/minecraft/util/math/BlockPos;)Ljava/lang/Iterable;[2261,2272]::getAllInBox->func_177980_a
Rename method net/minecraft/util/math/BlockPos/add (III)Lnet/minecraft/util/math/BlockPos;[2284,2287]::add->func_177982_a
Rename method net/minecraft/util/math/BlockPos/add (III)Lnet/minecraft/util/math/BlockPos;[2320,2323]::add->func_177982_a
Rename method net/minecraft/world/World/setBlockState (Lnet/minecraft/util/math/BlockPos;Lnet/minecraft/block/state/IBlockState;)Z[2367,2380]::setBlockState->func_175656_a
Rename field net/minecraft/init/Blocks/NETHERRACK[2397,2407]::NETHERRACK->field_150424_aL
Rename method net/minecraft/block/Block/getDefaultState ()Lnet/minecraft/block/state/IBlockState;[2413,2428]::getDefaultState->func_176223_P
Rename method net/minecraft/world/IBlockAccess/isAirBlock (Lnet/minecraft/util/math/BlockPos;)Z[2575,2585]::isAirBlock->func_175623_d
Rename method net/minecraft/util/math/BlockPos/down ()Lnet/minecraft/util/math/BlockPos;[2598,2602]::down->func_177977_b
Rename method net/minecraft/util/math/BlockPos/add (III)Lnet/minecraft/util/math/BlockPos;[2645,2648]::add->func_177982_a
Rename method net/minecraft/world/World/getMinecraftServer ()Lnet/minecraft/server/MinecraftServer;[2714,2732]::getMinecraftServer->func_73046_m
Rename method net/minecraft/server/MinecraftServer/getPlayerList ()Lnet/minecraft/server/management/PlayerList;[2729,2742]::getPlayerList->func_184103_al
Rename method net/minecraft/entity/Entity/setPositionAndUpdate (DDD)V[2851,2871]::setPositionAndUpdate->func_70634_a
Rename method net/minecraft/entity/EntityLivingBase/addPotionEffect (Lnet/minecraft/potion/PotionEffect;)V[2886,2901]::addPotionEffect->func_70690_d
Rename field net/minecraft/init/MobEffects/BLINDNESS[2927,2936]::BLINDNESS->field_76440_q
Rename method net/minecraft/command/ICommandSender/getEntityWorld ()Lnet/minecraft/world/World;[3050,3064]::getEntityWorld->func_130014_f_
Rename field net/minecraft/world/World/provider[3067,3075]::provider->field_73011_w
Import: net.minecraft.block.material.Material
Import: net.minecraft.block.state.IBlockState
Import: net.minecraft.entity.Entity
Import: net.minecraft.entity.player.EntityPlayer
Import: net.minecraft.entity.player.EntityPlayerMP
Import: net.minecraft.init.Blocks
Import: net.minecraft.init.MobEffects
Import: net.minecraft.potion.PotionEffect
Import: net.minecraft.server.MinecraftServer
Import: net.minecraft.util.math.BlockPos
Import: net.minecraft.world.World
Import: net.minecraft.world.WorldServer
Import: net.minecraftforge.common.util.ITeleporter
End  Processing: com/windanesz/ancientspellcraft/util/SpellTeleporter.java

